---------- Date: 2016-01-22 03:05:59 ~ IP : 222.255.71.218 ----------
REQUEST URI : /admin/index.php?route=extension/module/install&token=c238e0f9270d59d9a03deb4f5ee600c0&extension=d_quickcheckout
MOD DETAILS:
   modFile   : /home/u182136840/public_html/vqmod/xml/a_vqmod_d_quickcheckout.xml
   id        : AJAX QUICK CHECKOUT V5.0 BY DREAMVENTION
   version   : 2.0.0.0
   vqmver    : 2.2.1
   author    : dreamvention.com
VQModObject::parseMods - Could not resolve path for [catalog/view/theme/default/template/payment/pp_pro_uk.tpl] (SKIPPED)

----------------------------------------------------------------------


---------- Date: 2016-01-22 03:06:00 ~ IP : 222.255.71.218 ----------
REQUEST URI : /admin/index.php?route=extension/module&token=c238e0f9270d59d9a03deb4f5ee600c0
MOD DETAILS:
   modFile   : /home/u182136840/public_html/vqmod/xml/a_vqmod_d_quickcheckout.xml
   id        : AJAX QUICK CHECKOUT V5.0 BY DREAMVENTION
   version   : 2.0.0.0
   vqmver    : 2.2.1
   author    : dreamvention.com
VQModObject::parseMods - Could not resolve path for [catalog/view/theme/default/template/payment/pp_pro_uk.tpl] (SKIPPED)

----------------------------------------------------------------------


---------- Date: 2016-01-22 05:02:37 ~ IP : 222.255.71.218 ----------
REQUEST URI : /admin/index.php?route=module/vqmod_manager&token=b9198d310cce32d096c34f9d243ea468
MOD DETAILS:
   modFile   : /home/u182136840/public_html/vqmod/xml/a_vqmod_d_quickcheckout.xml
   id        : AJAX QUICK CHECKOUT V5.0 BY DREAMVENTION
   version   : 2.0.0.0
   vqmver    : 2.2.1
   author    : dreamvention.com
VQModObject::parseMods - Could not resolve path for [catalog/view/theme/default/template/payment/pp_pro_uk.tpl] (SKIPPED)

----------------------------------------------------------------------


---------- Date: 2016-01-22 05:29:38 ~ IP : 222.255.71.218 ----------
REQUEST URI : /admin/index.php?route=module/vqmod_manager&token=028e7abcd5a57234877ec6ed3084399a
MOD DETAILS:
   modFile   : /home/u182136840/public_html/vqmod/xml/a_vqmod_d_quickcheckout.xml
   id        : AJAX QUICK CHECKOUT V5.0 BY DREAMVENTION
   version   : 2.0.0.0
   vqmver    : 2.2.1
   author    : dreamvention.com
VQModObject::parseMods - Could not resolve path for [catalog/view/theme/default/template/payment/pp_pro_uk.tpl] (SKIPPED)

----------------------------------------------------------------------


---------- Date: 2016-01-22 05:58:25 ~ IP : 222.255.71.218 ----------
REQUEST URI : /admin/index.php?route=user/user&token=028e7abcd5a57234877ec6ed3084399a
MOD DETAILS:
   modFile   : /home/u182136840/public_html/vqmod/xml/a_vqmod_d_quickcheckout.xml
   id        : AJAX QUICK CHECKOUT V5.0 BY DREAMVENTION
   version   : 2.0.0.0
   vqmver    : 2.2.1
   author    : dreamvention.com
VQModObject::parseMods - Could not resolve path for [catalog/view/theme/default/template/payment/pp_pro_uk.tpl] (SKIPPED)

----------------------------------------------------------------------


---------- Date: 2016-01-22 06:04:52 ~ IP : 222.255.71.218 ----------
REQUEST URI : /
MOD DETAILS:
   modFile   : /home/u182136840/public_html/vqmod/xml/a_vqmod_d_quickcheckout.xml
   id        : AJAX QUICK CHECKOUT V5.0 BY DREAMVENTION
   version   : 2.0.0.0
   vqmver    : 2.2.1
   author    : dreamvention.com
VQModObject::parseMods - Could not resolve path for [catalog/view/theme/default/template/payment/pp_pro_uk.tpl] (SKIPPED)

----------------------------------------------------------------------


---------- Date: 2016-01-22 06:10:19 ~ IP : 222.255.71.218 ----------
REQUEST URI : /index.php?route=tool/captcha
MOD DETAILS:
   modFile   : /home/u182136840/public_html/vqmod/xml/a_vqmod_d_quickcheckout.xml
   id        : AJAX QUICK CHECKOUT V5.0 BY DREAMVENTION
   version   : 2.0.0.0
   vqmver    : 2.2.1
   author    : dreamvention.com
VQModObject::parseMods - Could not resolve path for [catalog/view/theme/default/template/payment/pp_pro_uk.tpl] (SKIPPED)

----------------------------------------------------------------------


---------- Date: 2016-01-22 06:10:47 ~ IP : 222.255.71.218 ----------
REQUEST URI : /index.php?route=product/product&path=64&product_id=54
MOD DETAILS:
   modFile   : /home/u182136840/public_html/vqmod/xml/vie_redirect_to_cart_page_after_product_added.ocmod.xml
   id        : 
   version   : 1.0
   vqmver    : 
   author    : Viethemes

File Name    : catalog/view/theme/lexus_extroic/template/product/product.tpl(0)
VQModObject::applyMod - SEARCH NOT FOUND (ABORTING MOD): $('html, body').animate({ scrollTop: 0 }, 'slow');
----------------------------------------------------------------------


---------- Date: 2016-01-22 06:21:29 ~ IP : 222.255.71.218 ----------
REQUEST URI : /
MOD DETAILS:
   modFile   : /home/u182136840/public_html/vqmod/xml/a_vqmod_d_quickcheckout.xml
   id        : AJAX QUICK CHECKOUT V5.0 BY DREAMVENTION
   version   : 2.0.0.0
   vqmver    : 2.2.1
   author    : dreamvention.com
VQModObject::parseMods - Could not resolve path for [catalog/view/theme/default/template/payment/pp_pro_uk.tpl] (SKIPPED)

----------------------------------------------------------------------


---------- Date: 2016-01-22 06:25:10 ~ IP : 222.255.71.218 ----------
REQUEST URI : /
MOD DETAILS:
   modFile   : /home/u182136840/public_html/vqmod/xml/a_vqmod_d_quickcheckout.xml
   id        : AJAX QUICK CHECKOUT V5.0 BY DREAMVENTION
   version   : 2.0.0.0
   vqmver    : 2.2.1
   author    : dreamvention.com
VQModObject::parseMods - Could not resolve path for [catalog/view/theme/default/template/payment/pp_pro_uk.tpl] (SKIPPED)

----------------------------------------------------------------------


---------- Date: 2016-01-22 06:25:54 ~ IP : 222.255.71.218 ----------
REQUEST URI : /index.php?route=product/product&path=64&product_id=54
MOD DETAILS:
   modFile   : /home/u182136840/public_html/vqmod/xml/vie_redirect_to_cart_page_after_product_added.ocmod.xml
   id        : 
   version   : 1.0
   vqmver    : 
   author    : Viethemes

File Name    : catalog/view/theme/lexus_extroic/template/product/product.tpl(0)
VQModObject::applyMod - SEARCH NOT FOUND (ABORTING MOD): $('html, body').animate({ scrollTop: 0 }, 'slow');
----------------------------------------------------------------------


---------- Date: 2016-01-22 06:27:04 ~ IP : 222.255.71.218 ----------
REQUEST URI : /admin/index.php?route=design/layout&token=b43b6440ce6aa96c0dd913f3d2aec7b0
MOD DETAILS:
   modFile   : /home/u182136840/public_html/vqmod/xml/a_vqmod_d_quickcheckout.xml
   id        : AJAX QUICK CHECKOUT V5.0 BY DREAMVENTION
   version   : 2.0.0.0
   vqmver    : 2.2.1
   author    : dreamvention.com
VQModObject::parseMods - Could not resolve path for [catalog/view/theme/default/template/payment/pp_pro_uk.tpl] (SKIPPED)

----------------------------------------------------------------------


---------- Date: 2016-01-22 06:27:18 ~ IP : 222.255.71.218 ----------
REQUEST URI : /index.php?route=product/product&path=64&product_id=54
MOD DETAILS:
   modFile   : /home/u182136840/public_html/vqmod/xml/vie_redirect_to_cart_page_after_product_added.ocmod.xml
   id        : 
   version   : 1.0
   vqmver    : 
   author    : Viethemes

File Name    : catalog/view/theme/lexus_extroic/template/product/product.tpl(0)
VQModObject::applyMod - SEARCH NOT FOUND (ABORTING MOD): $('html, body').animate({ scrollTop: 0 }, 'slow');
----------------------------------------------------------------------


---------- Date: 2016-01-22 06:33:57 ~ IP : 222.255.71.218 ----------
REQUEST URI : /
MOD DETAILS:
   modFile   : /home/u182136840/public_html/vqmod/xml/a_vqmod_d_quickcheckout.xml
   id        : AJAX QUICK CHECKOUT V5.0 BY DREAMVENTION
   version   : 2.0.0.0
   vqmver    : 2.2.1
   author    : dreamvention.com
VQModObject::parseMods - Could not resolve path for [catalog/view/theme/default/template/payment/pp_pro_uk.tpl] (SKIPPED)

----------------------------------------------------------------------


---------- Date: 2016-01-22 06:34:34 ~ IP : 222.255.71.218 ----------
REQUEST URI : /index.php?route=product/product&product_id=51
MOD DETAILS:
   modFile   : /home/u182136840/public_html/vqmod/xml/vie_redirect_to_cart_page_after_product_added.ocmod.xml
   id        : 
   version   : 1.0
   vqmver    : 
   author    : Viethemes

File Name    : catalog/view/theme/lexus_extroic/template/product/product.tpl(0)
VQModObject::applyMod - SEARCH NOT FOUND (ABORTING MOD): $('html, body').animate({ scrollTop: 0 }, 'slow');
----------------------------------------------------------------------


---------- Date: 2016-01-22 06:57:45 ~ IP : 222.255.71.218 ----------
REQUEST URI : /index.php?route=product/product&path=64&product_id=54
MOD DETAILS:
   modFile   : /home/u182136840/public_html/vqmod/xml/vie_redirect_to_cart_page_after_product_added.ocmod.xml
   id        : 
   version   : 1.0
   vqmver    : 
   author    : Viethemes

File Name    : catalog/view/theme/lexus_extroic/template/product/product.tpl(0)
VQModObject::applyMod - SEARCH NOT FOUND (ABORTING MOD): $('html, body').animate({ scrollTop: 0 }, 'slow');
----------------------------------------------------------------------


---------- Date: 2016-01-22 07:58:20 ~ IP : 222.255.71.218 ----------
REQUEST URI : /index.php?route=common/home
MOD DETAILS:
   modFile   : /home/u182136840/public_html/vqmod/xml/a_vqmod_d_quickcheckout.xml
   id        : AJAX QUICK CHECKOUT V5.0 BY DREAMVENTION
   version   : 2.0.0.0
   vqmver    : 2.2.1
   author    : dreamvention.com
VQModObject::parseMods - Could not resolve path for [catalog/view/theme/default/template/payment/pp_pro_uk.tpl] (SKIPPED)

MOD DETAILS:
   modFile   : /home/u182136840/public_html/vqmod/xml/add_to_cart_redirect_to_cart.xml
   id        : ADD TO CART REDIRECT TO CART
   version   : 1.0.0
   vqmver    : 2.0
   author    : CREATIWEB.ES
VQModObject::parseMods - Could not resolve path for [catalog/view/theme/lexus_extroi/template/product/product.tpl] (SKIPPED)

----------------------------------------------------------------------


